Removed Pin From Net: NetName=A Pin=IC1-21
Removed Pin From Net: NetName=NetIC1_36 Pin=LCD1-12
Removed Pin From Net: NetName=NetIC1_35 Pin=LCD1-13
Removed Pin From Net: NetName=NetIC1_34 Pin=LCD1-14
Added Component: Designator=SW5(SW4B)
Added Pin To Net: NetName=A Pin=IC1-19
Added Pin To Net: NetName=GND Pin=JDC1-3
Added Pin To Net: NetName=NetIC1_36 Pin=LCD1-11
Added Pin To Net: NetName=NetIC1_35 Pin=LCD1-12
Added Pin To Net: NetName=NetIC1_34 Pin=LCD1-13
Added Pin To Net: NetName=GND Pin=SW5-2
Added Pin To Net: NetName=GND Pin=SW5-4
Added Pin To Net: NetName=NetIC1_33 Pin=IC1-33
Added Pin To Net: NetName=NetIC1_33 Pin=LCD1-14
Added Net: Name=NetIC1_33
Added Pin To Net: NetName=STOP Pin=IC1-4
Added Pin To Net: NetName=STOP Pin=SW5-1
Added Pin To Net: NetName=STOP Pin=SW5-3
Added Net: Name=STOP
Added Member To Class: ClassName=Sheet1 Member=Component SW5 SW
Added Room: Name=Sheet1
